0 info it worked if it ends with ok
1 verbose cli [ '/usr/local/bin/node', '/usr/local/bin/npm', 'publish' ]
2 info using npm@1.4.28
3 info using node@v0.10.35
4 verbose publish [ '.' ]
5 verbose cache add [ '.', null ]
6 verbose cache add name=undefined spec="." args=[".",null]
7 verbose parsed url { protocol: null,
7 verbose parsed url   slashes: null,
7 verbose parsed url   auth: null,
7 verbose parsed url   host: null,
7 verbose parsed url   port: null,
7 verbose parsed url   hostname: null,
7 verbose parsed url   hash: null,
7 verbose parsed url   search: null,
7 verbose parsed url   query: null,
7 verbose parsed url   pathname: '.',
7 verbose parsed url   path: '.',
7 verbose parsed url   href: '.' }
8 silly lockFile 3a52ce78- .
9 verbose lock . /Users/marshallthompson/.npm/3a52ce78-.lock
10 verbose tar pack [ '/Users/marshallthompson/.npm/amity-mongodb/0.0.1/package.tgz',
10 verbose tar pack   '.' ]
11 verbose tarball /Users/marshallthompson/.npm/amity-mongodb/0.0.1/package.tgz
12 verbose folder .
13 info prepublish amity-mongodb@0.0.1
14 silly lockFile 1f1177db-tar tar://.
15 verbose lock tar://. /Users/marshallthompson/.npm/1f1177db-tar.lock
16 silly lockFile 3662134e--amity-mongodb-0-0-1-package-tgz tar:///Users/marshallthompson/.npm/amity-mongodb/0.0.1/package.tgz
17 verbose lock tar:///Users/marshallthompson/.npm/amity-mongodb/0.0.1/package.tgz /Users/marshallthompson/.npm/3662134e--amity-mongodb-0-0-1-package-tgz.lock
18 silly lockFile 1f1177db-tar tar://.
19 silly lockFile 1f1177db-tar tar://.
20 silly lockFile 3662134e--amity-mongodb-0-0-1-package-tgz tar:///Users/marshallthompson/.npm/amity-mongodb/0.0.1/package.tgz
21 silly lockFile 3662134e--amity-mongodb-0-0-1-package-tgz tar:///Users/marshallthompson/.npm/amity-mongodb/0.0.1/package.tgz
22 silly lockFile 805dbd4d--npm-amity-mongodb-0-0-1-package /Users/marshallthompson/.npm/amity-mongodb/0.0.1/package
23 verbose lock /Users/marshallthompson/.npm/amity-mongodb/0.0.1/package /Users/marshallthompson/.npm/805dbd4d--npm-amity-mongodb-0-0-1-package.lock
24 silly lockFile 805dbd4d--npm-amity-mongodb-0-0-1-package /Users/marshallthompson/.npm/amity-mongodb/0.0.1/package
25 silly lockFile 805dbd4d--npm-amity-mongodb-0-0-1-package /Users/marshallthompson/.npm/amity-mongodb/0.0.1/package
26 silly lockFile 3a52ce78- .
27 silly lockFile 3a52ce78- .
28 silly publish { name: 'amity-mongodb',
28 silly publish   version: '0.0.1',
28 silly publish   description: 'An Amity Adapter for MongoDB.',
28 silly publish   main: 'lib/amity-mongodb.js',
28 silly publish   repository:
28 silly publish    { type: 'git',
28 silly publish      url: 'https://github.com/marshallswain/amity-mongodb.git' },
28 silly publish   keywords:
28 silly publish    [ 'feathers',
28 silly publish      'REST',
28 silly publish      'Socket.io',
28 silly publish      'realtime',
28 silly publish      'mongodb',
28 silly publish      'mongo',
28 silly publish      'service' ],
28 silly publish   author:
28 silly publish    { name: 'Marshall Thompson',
28 silly publish      email: 'marshall@creativeideal.net',
28 silly publish      url: 'https://github.com/marshallswain' },
28 silly publish   license: 'MIT',
28 silly publish   bugs: { url: 'https://github.com/marshallswain/amity-mongodb/issues' },
28 silly publish   homepage: 'https://github.com/marshallswain/amity-mongodb',
28 silly publish   dependencies: { mongoskin: '*' },
28 silly publish   readmeFilename: 'README.md',
28 silly publish   readme: 'amity-mongodb\n=========================\n\n[![NPM](https://nodei.co/npm/amity-mongodb.png?downloads=true&stars=true)](https://nodei.co/npm/amity-mongodb/)\n\n\n> Use various [FeatherJS](https://github.com/feathersjs) services to manage a MongoDB server with [Amity](https://www.npmjs.com/package/amity).\n \n`amity-mongodb` lets you manage an entire MongoDB server.  It uses several feathers services:\n\n* [`feathers-mongo-databases`](https://github.com/marshallswain/feathers-mongo-databases)\n* [`feathers-mongo-collections`](https://github.com/marshallswain/feathers-mongo-collections)\n* [`feathers-mongo-users`]() Coming in Auth release\n* [`feathers-mongodb`](https://github.com/feathersjs/feathers-mongodb)\n\n\n## Installation\nThe `amity-mongodb` adapter comes bundled with the [Amity project](https://github.com/marshallswain/Amity).  \n\nYou can also install it separately like this:\n\n```bash\nnpm install amity-mongodb --save\n```\n\n## Usage\nFor now, please see the example in the index.js file of the [Amity project](https://github.com/marshallswain/Amity)\n\n## License\n\n[MIT](LICENSE)\n\n## Author\n\n[Marshall Thompson](https://github.com/marshallswain)',
28 silly publish   gitHead: '343947e05a6825bc190fa2cfdddc21d940ec62ca',
28 silly publish   _id: 'amity-mongodb@0.0.1',
28 silly publish   scripts: {},
28 silly publish   _shasum: '94a7b014f907107c1cbeb51fc44eef8ff2d4251c',
28 silly publish   _from: '.' }
29 verbose request where is /amity-mongodb
30 verbose request registry https://registry.npmjs.org/
31 verbose request id 29285743b2666bd5
32 verbose url raw /amity-mongodb
33 verbose url resolving [ 'https://registry.npmjs.org/', './amity-mongodb' ]
34 verbose url resolved https://registry.npmjs.org/amity-mongodb
35 verbose request where is https://registry.npmjs.org/amity-mongodb
36 info trying registry request attempt 1 at 22:30:51
37 http PUT https://registry.npmjs.org/amity-mongodb
38 http 403 https://registry.npmjs.org/amity-mongodb
39 verbose headers { date: 'Wed, 11 Feb 2015 05:30:51 GMT',
39 verbose headers   server: 'CouchDB/1.5.0 (Erlang OTP/R16B03)',
39 verbose headers   'content-type': 'application/json',
39 verbose headers   'cache-control': 'max-age=60',
39 verbose headers   'content-length': '3849',
39 verbose headers   'accept-ranges': 'bytes',
39 verbose headers   via: '1.1 varnish',
39 verbose headers   'x-served-by': 'cache-sjc3123-SJC',
39 verbose headers   'x-cache': 'MISS',
39 verbose headers   'x-cache-hits': '0',
39 verbose headers   'x-timer': 'S1423632651.718135,VS0,VE148',
39 verbose headers   'keep-alive': 'timeout=10, max=50',
39 verbose headers   connection: 'Keep-Alive' }
40 error publish Failed PUT 403
41 error Error: forbidden cannot modify pre-existing version: 0.0.1
41 error old={"name":"amity-mongodb","version":"0.0.1","description":"An Amity Adapter for MongoDB.","main":"lib/amity-mongodb.js","repository":{"type":"git","url":"https://github.com/marshallswain/amity-mongodb.git"},"keywords":["feathers","REST","Socket.io","realtime","mongodb","mongo","service"],"author":{"name":"Marshall Thompson","email":"marshall@creativeideal.net","url":"https://github.com/marshallswain"},"license":"MIT","bugs":{"url":"https://github.com/marshallswain/amity-mongodb/issues"},"homepage":"https://github.com/marshallswain/amity-mongodb","dependencies":{"mongoskin":"*"},"gitHead":"343947e05a6825bc190fa2cfdddc21d940ec62ca","_id":"amity-mongodb@0.0.1","scripts":{},"_shasum":"9362bbb2cda6fa217374580b8b7494df937e4939","_from":".","_npmVersion":"1.4.28","_npmUser":{"name":"marshallswain","email":"marshall@creativeideal.net"},"maintainers":[{"name":"marshallswain","email":"marshall@creativeideal.net"}],"dist":{"shasum":"9362bbb2cda6fa217374580b8b7494df937e4939","tarball":"http://registry.npmjs.org/amity-mongodb/-/amity-mongodb-0.0.1.tgz"}}
41 error new={"name":"amity-mongodb","version":"0.0.1","description":"An Amity Adapter for MongoDB.","main":"lib/amity-mongodb.js","repository":{"type":"git","url":"https://github.com/marshallswain/amity-mongodb.git"},"keywords":["feathers","REST","Socket.io","realtime","mongodb","mongo","service"],"author":{"name":"Marshall Thompson","email":"marshall@creativeideal.net","url":"https://github.com/marshallswain"},"license":"MIT","bugs":{"url":"https://github.com/marshallswain/amity-mongodb/issues"},"homepage":"https://github.com/marshallswain/amity-mongodb","dependencies":{"mongoskin":"*"},"readmeFilename":"README.md","readme":"amity-mongodb\u000a=========================\u000a\u000a[![NPM](https://nodei.co/npm/amity-mongodb.png?downloads=true&stars=true)](https://nodei.co/npm/amity-mongodb/)\u000a\u000a\u000a> Use various [FeatherJS](https://github.com/feathersjs) services to manage a MongoDB server with [Amity](https://www.npmjs.com/package/amity).\u000a \u000a`amity-mongodb` lets you manage an entire MongoDB server.  It uses several feathers services:\u000a\u000a* [`feathers-mongo-databases`](https://github.com/marshallswain/feathers-mongo-databases)\u000a* [`feathers-mongo-collections`](https://github.com/marshallswain/feathers-mongo-collections)\u000a* [`feathers-mongo-users`]() Coming in Auth release\u000a* [`feathers-mongodb`](https://github.com/feathersjs/feathers-mongodb)\u000a\u000a\u000a## Installation\u000aThe `amity-mongodb` adapter comes bundled with the [Amity project](https://github.com/marshallswain/Amity).  \u000a\u000aYou can also install it separately like this:\u000a\u000a```bash\u000anpm install amity-mongodb --save\u000a```\u000a\u000a## Usage\u000aFor now, please see the example in the index.js file of the [Amity project](https://github.com/marshallswain/Amity)\u000a\u000a## License\u000a\u000a[MIT](LICENSE)\u000a\u000a## Author\u000a\u000a[Marshall Thompson](https://github.com/marshallswain)","gitHead":"343947e05a6825bc190fa2cfdddc21d940ec62ca","_id":"amity-mongodb@0.0.1","scripts":{},"_shasum":"94a7b014f907107c1cbeb51fc44eef8ff2d4251c","_from":".","_npmVersion":"1.4.28","_npmUser":{"name":"marshallswain","email":"marshall@creativeideal.net"},"maintainers":[{"name":"marshallswain","email":"marshall@creativeideal.net"}],"dist":{"shasum":"94a7b014f907107c1cbeb51fc44eef8ff2d4251c","tarball":"http://registry.npmjs.org/amity-mongodb/-/amity-mongodb-0.0.1.tgz"}}: amity-mongodb
41 error     at RegClient.<anonymous> (/usr/local/lib/node_modules/npm/node_modules/npm-registry-client/lib/request.js:308:14)
41 error     at Request._callback (/usr/local/lib/node_modules/npm/node_modules/npm-registry-client/lib/request.js:246:65)
41 error     at Request.self.callback (/usr/local/lib/node_modules/npm/node_modules/request/request.js:236:22)
41 error     at Request.emit (events.js:98:17)
41 error     at Request.<anonymous> (/usr/local/lib/node_modules/npm/node_modules/request/request.js:1142:14)
41 error     at Request.emit (events.js:117:20)
41 error     at IncomingMessage.<anonymous> (/usr/local/lib/node_modules/npm/node_modules/request/request.js:1096:12)
41 error     at IncomingMessage.emit (events.js:117:20)
41 error     at _stream_readable.js:944:16
41 error     at process._tickCallback (node.js:442:13)
42 error If you need help, you may report this *entire* log,
42 error including the npm and node versions, at:
42 error     <http://github.com/npm/npm/issues>
43 error System Darwin 14.1.0
44 error command "/usr/local/bin/node" "/usr/local/bin/npm" "publish"
45 error cwd /Users/marshallthompson/Sites/AmityApp/node_modules/amity/node_modules/amity-mongodb
46 error node -v v0.10.35
47 error npm -v 1.4.28
48 verbose exit [ 1, true ]
